2025-06-23 03:44:31,714 - mineflayer - INFO - Stopping subprocess.
2025-06-23 03:44:32,715 - mineflayer - INFO - Starting subprocess with commands: ['node', '/home/tappy/ai_steve/Odyssey/odyssey/env/mineflayer/index.js', '3000']
2025-06-23 03:44:33,219 - mineflayer - INFO - Server started on port 3000
2025-06-23 03:44:33,219 - mineflayer - INFO - Subprocess is ready.
2025-06-23 03:44:33,231 - mineflayer - INFO - {
2025-06-23 03:44:33,231 - mineflayer - INFO - host: '192.168.10.101',
2025-06-23 03:44:33,231 - mineflayer - INFO - port: '25565',
2025-06-23 03:44:33,231 - mineflayer - INFO - reset: 'soft',
2025-06-23 03:44:33,231 - mineflayer - INFO - inventory: {},
2025-06-23 03:44:33,231 - mineflayer - INFO - equipment: [],
2025-06-23 03:44:33,231 - mineflayer - INFO - spread: false,
2025-06-23 03:44:33,231 - mineflayer - INFO - waitTicks: 100,
2025-06-23 03:44:33,231 - mineflayer - INFO - position: null,
2025-06-23 03:44:33,231 - mineflayer - INFO - username: 'ai_steve'
2025-06-23 03:44:33,231 - mineflayer - INFO - }
2025-06-23 03:44:33,839 - mineflayer - INFO - Mineflayer detected that you are using a deprecated event (physicTick)! Please use this event (physicsTick) instead.
2025-06-23 03:44:48,852 - mineflayer - INFO - Mineflayer detected that you are using a deprecated event (physicTick)! Please use this event (physicsTick) instead.
2025-06-23 03:45:37,140 - mineflayer - INFO - Mineflayer detected that you are using a deprecated event (physicTick)! Please use this event (physicsTick) instead.
2025-06-23 03:55:37,257 - mineflayer - INFO - Restarting bot
2025-06-23 03:55:37,259 - mineflayer - INFO - {
2025-06-23 03:55:37,259 - mineflayer - INFO - host: '192.168.10.101',
2025-06-23 03:55:37,259 - mineflayer - INFO - port: '25565',
2025-06-23 03:55:37,259 - mineflayer - INFO - reset: 'soft',
2025-06-23 03:55:37,259 - mineflayer - INFO - inventory: {},
2025-06-23 03:55:37,259 - mineflayer - INFO - equipment: [],
2025-06-23 03:55:37,259 - mineflayer - INFO - spread: false,
2025-06-23 03:55:37,259 - mineflayer - INFO - waitTicks: 100,
2025-06-23 03:55:37,259 - mineflayer - INFO - position: null,
2025-06-23 03:55:37,259 - mineflayer - INFO - username: 'ai_steve'
2025-06-23 03:55:37,259 - mineflayer - INFO - }
2025-06-23 03:55:37,311 - mineflayer - INFO - Uncaught Error
2025-06-23 03:55:37,311 - mineflayer - INFO - TypeError: Cannot read properties of undefined (reading 'isMoving')
2025-06-23 03:55:37,311 - mineflayer - INFO - at EventEmitter.onTick (/home/tappy/ai_steve/Odyssey/odyssey/env/mineflayer/index.js:216:28)
2025-06-23 03:55:37,311 - mineflayer - INFO - at EventEmitter.emit (node:events:529:35)
2025-06-23 03:55:37,311 - mineflayer - INFO - at tickPhysics (/home/tappy/ai_steve/Odyssey/odyssey/env/mineflayer/node_modules/mineflayer/lib/plugins/physics.js:83:11)
2025-06-23 03:55:37,311 - mineflayer - INFO - at Timeout.doPhysics [as _onTimeout] (/home/tappy/ai_steve/Odyssey/odyssey/env/mineflayer/node_modules/mineflayer/lib/plugins/physics.js:71:7)
2025-06-23 03:55:37,311 - mineflayer - INFO - at listOnTimeout (node:internal/timers:569:17)
2025-06-23 03:55:37,311 - mineflayer - INFO - at process.processTimers (node:internal/timers:512:7)
2025-06-23 03:55:37,311 - mineflayer - INFO - Cannot read properties of undefined (reading 'isMoving')
2025-06-23 03:55:37,312 - mineflayer - INFO - Cannot read properties of undefined (reading 'isMoving')
2025-06-23 03:55:37,314 - mineflayer - INFO - /home/tappy/ai_steve/Odyssey/odyssey/env/mineflayer/index.js:158
2025-06-23 03:55:37,314 - mineflayer - INFO - bot.waitForTicks(bot.waitTicks).then(() => {
2025-06-23 03:55:37,314 - mineflayer - INFO - ^
2025-06-23 03:55:37,315 - mineflayer - INFO - 
2025-06-23 03:55:37,315 - mineflayer - INFO - TypeError: Cannot read properties of null (reading 'waitForTicks')
2025-06-23 03:55:37,315 - mineflayer - INFO - at process.otherError (/home/tappy/ai_steve/Odyssey/odyssey/env/mineflayer/index.js:158:13)
2025-06-23 03:55:37,315 - mineflayer - INFO - at process.emit (node:events:517:28)
2025-06-23 03:55:37,315 - mineflayer - INFO - at process._fatalException (node:internal/process/execution:158:25)
2025-06-23 03:55:37,315 - mineflayer - INFO - 
2025-06-23 03:55:37,315 - mineflayer - INFO - Node.js v18.19.1
